2025-03-08 11:38:37.461 [info] [main] Log level: Info
2025-03-08 11:38:37.461 [info] [main] Validating found git in: "git"
2025-03-08 11:38:37.461 [info] [main] Using git "2.48.1" from "git"
2025-03-08 11:38:37.461 [info] [Model][doInitialScan] Initial repository scan started
2025-03-08 11:38:37.461 [info] [Model][doInitialScan] Initial repository scan completed - repositories (0), closed repositories (0), parent repositories (0), unsafe repositories (0)
2025-03-08 11:38:39.175 [info] > git rev-parse --show-toplevel [15ms]
2025-03-08 11:38:39.175 [info] fatal: not a git repository (or any of the parent directories): .git
2025-03-08 11:41:46.150 [info] > git rev-parse --show-toplevel [7ms]
2025-03-08 11:41:46.150 [info] fatal: not a git repository (or any of the parent directories): .git
2025-03-08 11:42:13.804 [info] > git rev-parse --show-toplevel [19ms]
2025-03-08 11:42:13.805 [info] fatal: not a git repository (or any of the parent directories): .git
2025-03-08 11:42:13.851 [info] > git rev-parse --show-toplevel [17ms]
2025-03-08 11:42:13.851 [info] fatal: not a git repository (or any of the parent directories): .git
2025-03-08 11:43:37.149 [info] > git rev-parse --show-toplevel [13ms]
2025-03-08 11:43:37.150 [info] fatal: not a git repository (or any of the parent directories): .git
2025-03-08 11:43:46.357 [info] > git rev-parse --show-toplevel [4ms]
2025-03-08 11:43:46.357 [info] fatal: not a git repository (or any of the parent directories): .git
2025-03-08 11:43:46.370 [info] > git rev-parse --show-toplevel [3ms]
2025-03-08 11:43:46.370 [info] fatal: not a git repository (or any of the parent directories): .git
2025-03-08 11:44:23.787 [info] > git rev-parse --show-toplevel [15ms]
2025-03-08 11:44:23.787 [info] fatal: not a git repository (or any of the parent directories): .git
